Doing classification
--------------------------------------------------
data:				digits
classifier:			Perception
using enhanced features:	False
training set size:		5000
iterations:			5
--------------------------------------------------
Extracting features...
Training...
Starting iteration  0 ...
Starting iteration  1 ...
Starting iteration  2 ...
Starting iteration  3 ...
Starting iteration  4 ...
Validating...
629 correct out of 1000 (62.9%).
Testing...
621 correct out of 1000 (62.1%).

Doing classification
--------------------------------------------------
data:				digits
classifier:			Perception
using enhanced features:	False
training set size:		5000
iterations:			6
--------------------------------------------------
Extracting features...
Training...
Starting iteration  0 ...
Starting iteration  1 ...
Starting iteration  2 ...
Starting iteration  3 ...
Starting iteration  4 ...
Starting iteration  5 ...
Validating...
629 correct out of 1000 (62.9%).
Testing...
621 correct out of 1000 (62.1%).

Doing classification
--------------------------------------------------
data:				digits
classifier:			Perception
using enhanced features:	False
training set size:		5000
iterations:			7
--------------------------------------------------
Extracting features...
Training...
Starting iteration  0 ...
Starting iteration  1 ...
Starting iteration  2 ...
Starting iteration  3 ...
Starting iteration  4 ...
Starting iteration  5 ...
Starting iteration  6 ...
Validating...
629 correct out of 1000 (62.9%).
Testing...
621 correct out of 1000 (62.1%).

Doing classification
--------------------------------------------------
data:				digits
classifier:			Perception
using enhanced features:	False
training set size:		5000
iterations:			8
--------------------------------------------------
Extracting features...
Training...
Starting iteration  0 ...
Starting iteration  1 ...
Starting iteration  2 ...
Starting iteration  3 ...
Starting iteration  4 ...
Starting iteration  5 ...
Starting iteration  6 ...
Starting iteration  7 ...
Validating...
629 correct out of 1000 (62.9%).
Testing...
621 correct out of 1000 (62.1%).

Doing classification
--------------------------------------------------
data:				digits
classifier:			Perception
using enhanced features:	False
training set size:		5000
iterations:			9
--------------------------------------------------
Extracting features...
Training...
Starting iteration  0 ...
Starting iteration  1 ...
Starting iteration  2 ...
Starting iteration  3 ...
Starting iteration  4 ...
Starting iteration  5 ...
Starting iteration  6 ...
Starting iteration  7 ...
Starting iteration  8 ...
Validating...
629 correct out of 1000 (62.9%).
Testing...
621 correct out of 1000 (62.1%).

Doing classification
--------------------------------------------------
data:				digits
classifier:			Perception
using enhanced features:	False
training set size:		5000
iterations:			10
--------------------------------------------------
Extracting features...
Training...
Starting iteration  0 ...
Starting iteration  1 ...
Starting iteration  2 ...
Starting iteration  3 ...
Starting iteration  4 ...
Starting iteration  5 ...
Starting iteration  6 ...
Starting iteration  7 ...
Starting iteration  8 ...
Starting iteration  9 ...
Validating...
629 correct out of 1000 (62.9%).
Testing...
621 correct out of 1000 (62.1%).

Doing classification
--------------------------------------------------
data:				digits
classifier:			Perception
using enhanced features:	False
training set size:		5000
iterations:			11
--------------------------------------------------
Extracting features...
Training...
Starting iteration  0 ...
Starting iteration  1 ...
Starting iteration  2 ...
Starting iteration  3 ...
Starting iteration  4 ...
Starting iteration  5 ...
Starting iteration  6 ...
Starting iteration  7 ...
Starting iteration  8 ...
Starting iteration  9 ...
Starting iteration  10 ...
Validating...
629 correct out of 1000 (62.9%).
Testing...
621 correct out of 1000 (62.1%).

Doing classification
--------------------------------------------------
data:				digits
classifier:			Perception
using enhanced features:	False
training set size:		5000
iterations:			12
--------------------------------------------------
Extracting features...
Training...
Starting iteration  0 ...
Starting iteration  1 ...
Starting iteration  2 ...
Starting iteration  3 ...
Starting iteration  4 ...
Starting iteration  5 ...
Starting iteration  6 ...
Starting iteration  7 ...
Starting iteration  8 ...
Starting iteration  9 ...
Starting iteration  10 ...
Starting iteration  11 ...
Validating...
629 correct out of 1000 (62.9%).
Testing...
621 correct out of 1000 (62.1%).

Doing classification
--------------------------------------------------
data:				digits
classifier:			Perception
using enhanced features:	False
training set size:		5000
iterations:			13
--------------------------------------------------
Extracting features...
Training...
Starting iteration  0 ...
Starting iteration  1 ...
Starting iteration  2 ...
Starting iteration  3 ...
Starting iteration  4 ...
Starting iteration  5 ...
Starting iteration  6 ...
Starting iteration  7 ...
Starting iteration  8 ...
Starting iteration  9 ...
Starting iteration  10 ...
Starting iteration  11 ...
Starting iteration  12 ...
Validating...
629 correct out of 1000 (62.9%).
Testing...
621 correct out of 1000 (62.1%).

Doing classification
--------------------------------------------------
data:				digits
classifier:			Perception
using enhanced features:	False
training set size:		5000
iterations:			14
--------------------------------------------------
Extracting features...
Training...
Starting iteration  0 ...
Starting iteration  1 ...
Starting iteration  2 ...
Starting iteration  3 ...
Starting iteration  4 ...
Starting iteration  5 ...
Starting iteration  6 ...
Starting iteration  7 ...
Starting iteration  8 ...
Starting iteration  9 ...
Starting iteration  10 ...
Starting iteration  11 ...
Starting iteration  12 ...
Starting iteration  13 ...
Validating...
629 correct out of 1000 (62.9%).
Testing...
621 correct out of 1000 (62.1%).

Doing classification
--------------------------------------------------
data:				digits
classifier:			Perception
using enhanced features:	False
training set size:		5000
iterations:			15
--------------------------------------------------
Extracting features...
Training...
Starting iteration  0 ...
Starting iteration  1 ...
Starting iteration  2 ...
Starting iteration  3 ...
Starting iteration  4 ...
Starting iteration  5 ...
Starting iteration  6 ...
Starting iteration  7 ...
Starting iteration  8 ...
Starting iteration  9 ...
Starting iteration  10 ...
Starting iteration  11 ...
Starting iteration  12 ...
Starting iteration  13 ...
Starting iteration  14 ...
Validating...
629 correct out of 1000 (62.9%).
Testing...
621 correct out of 1000 (62.1%).

Doing classification
--------------------------------------------------
data:				digits
classifier:			Perception
using enhanced features:	False
training set size:		5000
iterations:			16
--------------------------------------------------
Extracting features...
Training...
Starting iteration  0 ...
Starting iteration  1 ...
Starting iteration  2 ...
Starting iteration  3 ...
Starting iteration  4 ...
Starting iteration  5 ...
Starting iteration  6 ...
Starting iteration  7 ...
Starting iteration  8 ...
Starting iteration  9 ...
Starting iteration  10 ...
Starting iteration  11 ...
Starting iteration  12 ...
Starting iteration  13 ...
Starting iteration  14 ...
Starting iteration  15 ...
Validating...
629 correct out of 1000 (62.9%).
Testing...
621 correct out of 1000 (62.1%).

Doing classification
--------------------------------------------------
data:				digits
classifier:			Perception
using enhanced features:	False
training set size:		5000
iterations:			17
--------------------------------------------------
Extracting features...
Training...
Starting iteration  0 ...
Starting iteration  1 ...
Starting iteration  2 ...
Starting iteration  3 ...
Starting iteration  4 ...
Starting iteration  5 ...
Starting iteration  6 ...
Starting iteration  7 ...
Starting iteration  8 ...
Starting iteration  9 ...
Starting iteration  10 ...
Starting iteration  11 ...
Starting iteration  12 ...
Starting iteration  13 ...
Starting iteration  14 ...
Starting iteration  15 ...
Starting iteration  16 ...
Validating...
629 correct out of 1000 (62.9%).
Testing...
621 correct out of 1000 (62.1%).

Doing classification
--------------------------------------------------
data:				digits
classifier:			Perception
using enhanced features:	False
training set size:		5000
iterations:			18
--------------------------------------------------
Extracting features...
Training...
Starting iteration  0 ...
Starting iteration  1 ...
Starting iteration  2 ...
Starting iteration  3 ...
Starting iteration  4 ...
Starting iteration  5 ...
Starting iteration  6 ...
Starting iteration  7 ...
Starting iteration  8 ...
Starting iteration  9 ...
Starting iteration  10 ...
Starting iteration  11 ...
Starting iteration  12 ...
Starting iteration  13 ...
Starting iteration  14 ...
Starting iteration  15 ...
Starting iteration  16 ...
Starting iteration  17 ...
Validating...
629 correct out of 1000 (62.9%).
Testing...
621 correct out of 1000 (62.1%).

Doing classification
--------------------------------------------------
data:				digits
classifier:			Perception
using enhanced features:	False
training set size:		5000
iterations:			19
--------------------------------------------------
Extracting features...
Training...
Starting iteration  0 ...
Starting iteration  1 ...
Starting iteration  2 ...
Starting iteration  3 ...
Starting iteration  4 ...
Starting iteration  5 ...
Starting iteration  6 ...
Starting iteration  7 ...
Starting iteration  8 ...
Starting iteration  9 ...
Starting iteration  10 ...
Starting iteration  11 ...
Starting iteration  12 ...
Starting iteration  13 ...
Starting iteration  14 ...
Starting iteration  15 ...
Starting iteration  16 ...
Starting iteration  17 ...
Starting iteration  18 ...
Validating...
629 correct out of 1000 (62.9%).
Testing...
621 correct out of 1000 (62.1%).

Doing classification
--------------------------------------------------
data:				digits
classifier:			Perception
using enhanced features:	False
training set size:		5000
iterations:			20
--------------------------------------------------
Extracting features...
Training...
Starting iteration  0 ...
Starting iteration  1 ...
Starting iteration  2 ...
Starting iteration  3 ...
Starting iteration  4 ...
Starting iteration  5 ...
Starting iteration  6 ...
Starting iteration  7 ...
Starting iteration  8 ...
Starting iteration  9 ...
Starting iteration  10 ...
Starting iteration  11 ...
Starting iteration  12 ...
Starting iteration  13 ...
Starting iteration  14 ...
Starting iteration  15 ...
Starting iteration  16 ...
Starting iteration  17 ...
Starting iteration  18 ...
Starting iteration  19 ...
Validating...
629 correct out of 1000 (62.9%).
Testing...
621 correct out of 1000 (62.1%).

