Doing classification
--------------------------------------------------
data:				faces
classifier:			Perception
using enhanced features:	False
training set size:		451
iterations:			5
--------------------------------------------------
Extracting features...
Training...
Starting iteration  0 ...
Starting iteration  1 ...
Starting iteration  2 ...
Starting iteration  3 ...
Starting iteration  4 ...
Validating...
148 correct out of 150 (98.7%).
Testing...
131 correct out of 150 (87.3%).

Doing classification
--------------------------------------------------
data:				faces
classifier:			Perception
using enhanced features:	False
training set size:		451
iterations:			5
--------------------------------------------------
Extracting features...
Training...
Starting iteration  0 ...
Starting iteration  1 ...
Starting iteration  2 ...
Starting iteration  3 ...
Starting iteration  4 ...
Validating...
149 correct out of 150 (99.3%).
Testing...
129 correct out of 150 (86.0%).

Doing classification
--------------------------------------------------
data:				faces
classifier:			Perception
using enhanced features:	False
training set size:		451
iterations:			5
--------------------------------------------------
Extracting features...
Training...
Starting iteration  0 ...
Starting iteration  1 ...
Starting iteration  2 ...
Starting iteration  3 ...
Starting iteration  4 ...
Validating...
145 correct out of 150 (96.7%).
Testing...
130 correct out of 150 (86.7%).

Doing classification
--------------------------------------------------
data:				faces
classifier:			Perception
using enhanced features:	False
training set size:		451
iterations:			5
--------------------------------------------------
Extracting features...
Training...
Starting iteration  0 ...
Starting iteration  1 ...
Starting iteration  2 ...
Starting iteration  3 ...
Starting iteration  4 ...
Validating...
149 correct out of 150 (99.3%).
Testing...
133 correct out of 150 (88.7%).

Doing classification
--------------------------------------------------
data:				faces
classifier:			Perception
using enhanced features:	False
training set size:		451
iterations:			5
--------------------------------------------------
Extracting features...
Training...
Starting iteration  0 ...
Starting iteration  1 ...
Starting iteration  2 ...
Starting iteration  3 ...
Starting iteration  4 ...
Validating...
146 correct out of 150 (97.3%).
Testing...
123 correct out of 150 (82.0%).

Doing classification
--------------------------------------------------
data:				faces
classifier:			Perception
using enhanced features:	False
training set size:		451
iterations:			5
--------------------------------------------------
Extracting features...
Training...
Starting iteration  0 ...
Starting iteration  1 ...
Starting iteration  2 ...
Starting iteration  3 ...
Starting iteration  4 ...
Validating...
150 correct out of 150 (100.0%).
Testing...
135 correct out of 150 (90.0%).

Doing classification
--------------------------------------------------
data:				faces
classifier:			Perception
using enhanced features:	False
training set size:		451
iterations:			5
--------------------------------------------------
Extracting features...
Training...
Starting iteration  0 ...
Starting iteration  1 ...
Starting iteration  2 ...
Starting iteration  3 ...
Starting iteration  4 ...
Validating...
149 correct out of 150 (99.3%).
Testing...
135 correct out of 150 (90.0%).

Doing classification
--------------------------------------------------
data:				faces
classifier:			Perception
using enhanced features:	False
training set size:		451
iterations:			5
--------------------------------------------------
Extracting features...
Training...
Starting iteration  0 ...
Starting iteration  1 ...
Starting iteration  2 ...
Starting iteration  3 ...
Starting iteration  4 ...
Validating...
150 correct out of 150 (100.0%).
Testing...
129 correct out of 150 (86.0%).

Doing classification
--------------------------------------------------
data:				faces
classifier:			Perception
using enhanced features:	False
training set size:		451
iterations:			5
--------------------------------------------------
Extracting features...
Training...
Starting iteration  0 ...
Starting iteration  1 ...
Starting iteration  2 ...
Starting iteration  3 ...
Starting iteration  4 ...
Validating...
149 correct out of 150 (99.3%).
Testing...
125 correct out of 150 (83.3%).

Doing classification
--------------------------------------------------
data:				faces
classifier:			Perception
using enhanced features:	False
training set size:		451
iterations:			5
--------------------------------------------------
Extracting features...
Training...
Starting iteration  0 ...
Starting iteration  1 ...
Starting iteration  2 ...
Starting iteration  3 ...
Starting iteration  4 ...
Validating...
149 correct out of 150 (99.3%).
Testing...
130 correct out of 150 (86.7%).

Doing classification
--------------------------------------------------
data:				faces
classifier:			Perception
using enhanced features:	False
training set size:		451
iterations:			5
--------------------------------------------------
Extracting features...
Training...
Starting iteration  0 ...
Starting iteration  1 ...
Starting iteration  2 ...
Starting iteration  3 ...
Starting iteration  4 ...
Validating...
150 correct out of 150 (100.0%).
Testing...
132 correct out of 150 (88.0%).

Doing classification
--------------------------------------------------
data:				faces
classifier:			Perception
using enhanced features:	False
training set size:		451
iterations:			5
--------------------------------------------------
Extracting features...
Training...
Starting iteration  0 ...
Starting iteration  1 ...
Starting iteration  2 ...
Starting iteration  3 ...
Starting iteration  4 ...
Validating...
150 correct out of 150 (100.0%).
Testing...
134 correct out of 150 (89.3%).

Doing classification
--------------------------------------------------
data:				faces
classifier:			Perception
using enhanced features:	False
training set size:		451
iterations:			5
--------------------------------------------------
Extracting features...
Training...
Starting iteration  0 ...
Starting iteration  1 ...
Starting iteration  2 ...
Starting iteration  3 ...
Starting iteration  4 ...
Validating...
149 correct out of 150 (99.3%).
Testing...
130 correct out of 150 (86.7%).

Doing classification
--------------------------------------------------
data:				faces
classifier:			Perception
using enhanced features:	False
training set size:		451
iterations:			5
--------------------------------------------------
Extracting features...
Training...
Starting iteration  0 ...
Starting iteration  1 ...
Starting iteration  2 ...
Starting iteration  3 ...
Starting iteration  4 ...
Validating...
150 correct out of 150 (100.0%).
Testing...
123 correct out of 150 (82.0%).

Doing classification
--------------------------------------------------
data:				faces
classifier:			Perception
using enhanced features:	False
training set size:		451
iterations:			5
--------------------------------------------------
Extracting features...
Training...
Starting iteration  0 ...
Starting iteration  1 ...
Starting iteration  2 ...
Starting iteration  3 ...
Starting iteration  4 ...
Validating...
150 correct out of 150 (100.0%).
Testing...
133 correct out of 150 (88.7%).

Doing classification
--------------------------------------------------
data:				faces
classifier:			Perception
using enhanced features:	False
training set size:		451
iterations:			5
--------------------------------------------------
Extracting features...
Training...
Starting iteration  0 ...
Starting iteration  1 ...
Starting iteration  2 ...
Starting iteration  3 ...
Starting iteration  4 ...
Validating...
150 correct out of 150 (100.0%).
Testing...
130 correct out of 150 (86.7%).

Doing classification
--------------------------------------------------
data:				faces
classifier:			Perception
using enhanced features:	False
training set size:		451
iterations:			5
--------------------------------------------------
Extracting features...
Training...
Starting iteration  0 ...
Starting iteration  1 ...
Starting iteration  2 ...
Starting iteration  3 ...
Starting iteration  4 ...
Validating...
150 correct out of 150 (100.0%).
Testing...
133 correct out of 150 (88.7%).

Doing classification
--------------------------------------------------
data:				faces
classifier:			Perception
using enhanced features:	False
training set size:		451
iterations:			5
--------------------------------------------------
Extracting features...
Training...
Starting iteration  0 ...
Starting iteration  1 ...
Starting iteration  2 ...
Starting iteration  3 ...
Starting iteration  4 ...
Validating...
150 correct out of 150 (100.0%).
Testing...
132 correct out of 150 (88.0%).

Doing classification
--------------------------------------------------
data:				faces
classifier:			Perception
using enhanced features:	False
training set size:		451
iterations:			5
--------------------------------------------------
Extracting features...
Training...
Starting iteration  0 ...
Starting iteration  1 ...
Starting iteration  2 ...
Starting iteration  3 ...
Starting iteration  4 ...
Validating...
146 correct out of 150 (97.3%).
Testing...
128 correct out of 150 (85.3%).

Doing classification
--------------------------------------------------
data:				faces
classifier:			Perception
using enhanced features:	False
training set size:		451
iterations:			5
--------------------------------------------------
Extracting features...
Training...
Starting iteration  0 ...
Starting iteration  1 ...
Starting iteration  2 ...
Starting iteration  3 ...
Starting iteration  4 ...
Validating...
147 correct out of 150 (98.0%).
Testing...
129 correct out of 150 (86.0%).

